<?xml version="1.0" encoding="UTF-8"?>
<!-- Generated by org.testng.reporters.JUnitReportReporter -->
<testsuite hostname="DESKTOP-G2M5QUV" failures="0" tests="1" name="Practice.practice1" time="0.012" errors="0" timestamp="2022-09-11T00:03:47 IST" skipped="0">
  <testcase classname="Practice.practice1" name="launch" time="0.012"/>
  <system-out/>
</testsuite> <!-- Practice.practice1 -->
