<?xml version="1.0" encoding="UTF-8"?>
<!-- Generated by org.testng.reporters.JUnitReportReporter -->
<testsuite hostname="DESKTOP-G2M5QUV" failures="0" tests="4" name="Practice.practicetest" time="0.015" errors="0" timestamp="2022-09-17T14:14:16 IST" skipped="0">
  <testcase classname="Practice.practicetest" name="cleardata" time="0.008"/>
  <system-out/>
  <testcase classname="Practice.practicetest" name="enterdata" time="0.003"/>
  <system-out/>
  <testcase classname="Practice.practicetest" name="launch" time="0.002"/>
  <system-out/>
  <testcase classname="Practice.practicetest" name="exit" time="0.002"/>
  <system-out/>
</testsuite> <!-- Practice.practicetest -->
